# JRE version: OpenJDK Runtime Environment (8.0_65-b17) (build 1.8.0_65-b17)
# Java VM: OpenJDK 64-Bit Server VM (25.65-b01 mixed mode linux-amd64 compressed oops)
Heap:
 PSYoungGen      total 527872K, used 11751K [0x000000076cb00000, 0x000000078de00000, 0x00000007c0000000)
  eden space 514048K, 0% used [0x000000076cb00000,0x000000076cb00000,0x000000078c100000)
  from space 13824K, 85% used [0x000000078c100000,0x000000078cc79f08,0x000000078ce80000)
  to   space 11776K, 0% used [0x000000078ce80000,0x000000078ce80000,0x000000078da00000)
 ParOldGen       total 171008K, used 6021K [0x00000006c6000000, 0x00000006d0700000, 0x000000076cb00000)
  object space 171008K, 3% used [0x00000006c6000000,0x00000006c65e1620,0x00000006d0700000)
 Metaspace       used 17769K, capacity 21223K, committed 21248K, reserved 1064960K
  class space    used 4415K, capacity 5632K, committed 5632K, reserved 1048576K
GC Heap History (10 events):
Event: 0.970 GC heap after
Heap after GC invocations=2 (full 0):
 PSYoungGen      total 139264K, used 5544K [0x000000076cb00000, 0x0000000775d00000, 0x00000007c0000000)
  eden space 129024K, 0% used [0x000000076cb00000,0x000000076cb00000,0x0000000774900000)
  from space 10240K, 54% used [0x0000000775300000,0x000000077586a3c8,0x0000000775d00000)
  to   space 10240K, 0% used [0x0000000774900000,0x0000000774900000,0x0000000775300000)
 ParOldGen       total 171008K, used 24K [0x00000006c6000000, 0x00000006d0700000, 0x000000076cb00000)
  object space 171008K, 0% used [0x00000006c6000000,0x00000006c6006000,0x00000006d0700000)
 Metaspace       used 12740K, capacity 14329K, committed 14592K, reserved 1060864K
  class space    used 2847K, capacity 3273K, committed 3328K, reserved 1048576K
}
Event: 1.185 GC heap before
{Heap before GC invocations=3 (full 0):
 PSYoungGen      total 139264K, used 134568K [0x000000076cb00000, 0x0000000775d00000, 0x00000007c0000000)
  eden space 129024K, 100% used [0x000000076cb00000,0x0000000774900000,0x0000000774900000)
  from space 10240K, 54% used [0x0000000775300000,0x000000077586a3c8,0x0000000775d00000)
  to   space 10240K, 0% used [0x0000000774900000,0x0000000774900000,0x0000000775300000)
 ParOldGen       total 171008K, used 24K [0x00000006c6000000, 0x00000006d0700000, 0x000000076cb00000)
  object space 171008K, 0% used [0x00000006c6000000,0x00000006c6006000,0x00000006d0700000)
 Metaspace       used 14574K, capacity 16489K, committed 16768K, reserved 1062912K
  class space    used 3374K, capacity 3940K, committed 3968K, reserved 1048576K
Event: 1.197 GC heap after
Heap after GC invocations=3 (full 0):
 PSYoungGen      total 139264K, used 7494K [0x000000076cb00000, 0x000000077db00000, 0x00000007c0000000)
  eden space 129024K, 0% used [0x000000076cb00000,0x000000076cb00000,0x0000000774900000)
  from space 10240K, 73% used [0x0000000774900000,0x0000000775051b58,0x0000000775300000)
  to   space 10240K, 0% used [0x000000077d100000,0x000000077d100000,0x000000077db00000)
 ParOldGen       total 171008K, used 32K [0x00000006c6000000, 0x00000006d0700000, 0x000000076cb00000)
  object space 171008K, 0% used [0x00000006c6000000,0x00000006c6008000,0x00000006d0700000)
 Metaspace       used 14574K, capacity 16489K, committed 16768K, reserved 1062912K
  class space    used 3374K, capacity 3940K, committed 3968K, reserved 1048576K
}
Event: 1.242 GC heap before
{Heap before GC invocations=4 (full 0):
 PSYoungGen      total 139264K, used 136518K [0x000000076cb00000, 0x000000077db00000, 0x00000007c0000000)
  eden space 129024K, 100% used [0x000000076cb00000,0x0000000774900000,0x0000000774900000)
  from space 10240K, 73% used [0x0000000774900000,0x0000000775051b58,0x0000000775300000)
  to   space 10240K, 0% used [0x000000077d100000,0x000000077d100000,0x000000077db00000)
 ParOldGen       total 171008K, used 32K [0x00000006c6000000, 0x00000006d0700000, 0x000000076cb00000)
  object space 171008K, 0% used [0x00000006c6000000,0x00000006c6008000,0x00000006d0700000)
 Metaspace       used 14840K, capacity 16957K, committed 17280K, reserved 1062912K
  class space    used 3465K, capacity 4136K, committed 4224K, reserved 1048576K
Event: 1.252 GC heap after
Heap after GC invocations=4 (full 0):
 PSYoungGen      total 268288K, used 8230K [0x000000076cb00000, 0x000000077db00000, 0x00000007c0000000)
  eden space 258048K, 0% used [0x000000076cb00000,0x000000076cb00000,0x000000077c700000)
  from space 10240K, 80% used [0x000000077d100000,0x000000077d909918,0x000000077db00000)
  to   space 10240K, 0% used [0x000000077c700000,0x000000077c700000,0x000000077d100000)
 ParOldGen       total 171008K, used 40K [0x00000006c6000000, 0x00000006d0700000, 0x000000076cb00000)
  object space 171008K, 0% used [0x00000006c6000000,0x00000006c600a000,0x00000006d0700000)
 Metaspace       used 14840K, capacity 16957K, committed 17280K, reserved 1062912K
  class space    used 3465K, capacity 4136K, committed 4224K, reserved 1048576K
}
Event: 1.394 GC heap before
{Heap before GC invocations=5 (full 0):
 PSYoungGen      total 268288K, used 266278K [0x000000076cb00000, 0x000000077db00000, 0x00000007c0000000)
  eden space 258048K, 100% used [0x000000076cb00000,0x000000077c700000,0x000000077c700000)
  from space 10240K, 80% used [0x000000077d100000,0x000000077d909918,0x000000077db00000)
  to   space 10240K, 0% used [0x000000077c700000,0x000000077c700000,0x000000077d100000)
 ParOldGen       total 171008K, used 40K [0x00000006c6000000, 0x00000006d0700000, 0x000000076cb00000)
  object space 171008K, 0% used [0x00000006c6000000,0x00000006c600a000,0x00000006d0700000)
 Metaspace       used 15512K, capacity 18021K, committed 18176K, reserved 1062912K
  class space    used 3716K, capacity 4528K, committed 4608K, reserved 1048576K
Event: 1.408 GC heap after
Heap after GC invocations=5 (full 0):
 PSYoungGen      total 268288K, used 10230K [0x000000076cb00000, 0x000000078da00000, 0x00000007c0000000)
  eden space 258048K, 0% used [0x000000076cb00000,0x000000076cb00000,0x000000077c700000)
  from space 10240K, 99% used [0x000000077c700000,0x000000077d0fd908,0x000000077d100000)
  to   space 11776K, 0% used [0x000000078ce80000,0x000000078ce80000,0x000000078da00000)
 ParOldGen       total 171008K, used 911K [0x00000006c6000000, 0x00000006d0700000, 0x000000076cb00000)
  object space 171008K, 0% used [0x00000006c6000000,0x00000006c60e3e70,0x00000006d0700000)
 Metaspace       used 15512K, capacity 18021K, committed 18176K, reserved 1062912K
  class space    used 3716K, capacity 4528K, committed 4608K, reserved 1048576K
}
Event: 1.497 GC heap before
{Heap before GC invocations=6 (full 0):
 PSYoungGen      total 268288K, used 268278K [0x000000076cb00000, 0x000000078da00000, 0x00000007c0000000)
  eden space 258048K, 100% used [0x000000076cb00000,0x000000077c700000,0x000000077c700000)
  from space 10240K, 99% used [0x000000077c700000,0x000000077d0fd908,0x000000077d100000)
  to   space 11776K, 0% used [0x000000078ce80000,0x000000078ce80000,0x000000078da00000)
 ParOldGen       total 171008K, used 911K [0x00000006c6000000, 0x00000006d0700000, 0x000000076cb00000)
  object space 171008K, 0% used [0x00000006c6000000,0x00000006c60e3e70,0x00000006d0700000)
 Metaspace       used 16176K, capacity 18647K, committed 18816K, reserved 1062912K
  class space    used 3862K, capacity 4722K, committed 4736K, reserved 1048576K
Event: 1.518 GC heap after
Heap after GC invocations=6 (full 0):
 PSYoungGen      total 525824K, used 11763K [0x000000076cb00000, 0x000000078de00000, 0x00000007c0000000)
  eden space 514048K, 0% used [0x000000076cb00000,0x000000076cb00000,0x000000078c100000)
  from space 11776K, 99% used [0x000000078ce80000,0x000000078d9fcf20,0x000000078da00000)
  to   space 13824K, 0% used [0x000000078c100000,0x000000078c100000,0x000000078ce80000)
 ParOldGen       total 171008K, used 2037K [0x00000006c6000000, 0x00000006d0700000, 0x000000076cb00000)
  object space 171008K, 1% used [0x00000006c6000000,0x00000006c61fd7c8,0x00000006d0700000)
 Metaspace       used 16176K, capacity 18647K, committed 18816K, reserved 1062912K
  class space    used 3862K, capacity 4722K, committed 4736K, reserved 1048576K
}
Event: 1.768 GC heap before
{Heap before GC invocations=7 (full 0):
 PSYoungGen      total 525824K, used 376308K [0x000000076cb00000, 0x000000078de00000, 0x00000007c0000000)
  eden space 514048K, 70% used [0x000000076cb00000,0x0000000782f00358,0x000000078c100000)
  from space 11776K, 99% used [0x000000078ce80000,0x000000078d9fcf20,0x000000078da00000)
  to   space 13824K, 0% used [0x000000078c100000,0x000000078c100000,0x000000078ce80000)
 ParOldGen       total 171008K, used 2037K [0x00000006c6000000, 0x00000006d0700000, 0x000000076cb00000)
  object space 171008K, 1% used [0x00000006c6000000,0x00000006c61fd7c8,0x00000006d0700000)
 Metaspace       used 17769K, capacity 21223K, committed 21248K, reserved 1064960K
  class space    used 4415K, capacity 5632K, committed 5632K, reserved 1048576K

