# JRE version: OpenJDK Runtime Environment (8.0_65-b17) (build 1.8.0_65-b17)
# Java VM: OpenJDK 64-Bit Server VM (25.65-b01 mixed mode linux-amd64 compressed oops)
Heap:
 PSYoungGen      total 429568K, used 9263K [0x000000076cb00000, 0x0000000788680000, 0x00000007c0000000)
  eden space 419328K, 0% used [0x000000076cb00000,0x000000076cb00000,0x0000000786480000)
  from space 10240K, 90% used [0x0000000786480000,0x0000000786d8bfb0,0x0000000786e80000)
  to   space 10240K, 0% used [0x0000000786e80000,0x0000000786e80000,0x0000000787880000)
 ParOldGen       total 117760K, used 12935K [0x00000006c6000000, 0x00000006cd300000, 0x000000076cb00000)
  object space 117760K, 10% used [0x00000006c6000000,0x00000006c6ca1e20,0x00000006cd300000)
 Metaspace       used 29647K, capacity 41089K, committed 41128K, reserved 1079296K
  class space    used 7552K, capacity 11430K, committed 11432K, reserved 1048576K
GC Heap History (10 events):
Event: 1.338 GC heap after
Heap after GC invocations=4 (full 0):
 PSYoungGen      total 268288K, used 7220K [0x000000076cb00000, 0x000000077db00000, 0x00000007c0000000)
  eden space 258048K, 0% used [0x000000076cb00000,0x000000076cb00000,0x000000077c700000)
  from space 10240K, 70% used [0x000000077d100000,0x000000077d80d088,0x000000077db00000)
  to   space 10240K, 0% used [0x000000077c700000,0x000000077c700000,0x000000077d100000)
 ParOldGen       total 171008K, used 448K [0x00000006c6000000, 0x00000006d0700000, 0x000000076cb00000)
  object space 171008K, 0% used [0x00000006c6000000,0x00000006c60702a0,0x00000006d0700000)
 Metaspace       used 17577K, capacity 21123K, committed 21296K, reserved 1064960K
  class space    used 4345K, capacity 5503K, committed 5504K, reserved 1048576K
}
Event: 1.338 GC heap before
{Heap before GC invocations=5 (full 1):
 PSYoungGen      total 268288K, used 7220K [0x000000076cb00000, 0x000000077db00000, 0x00000007c0000000)
  eden space 258048K, 0% used [0x000000076cb00000,0x000000076cb00000,0x000000077c700000)
  from space 10240K, 70% used [0x000000077d100000,0x000000077d80d088,0x000000077db00000)
  to   space 10240K, 0% used [0x000000077c700000,0x000000077c700000,0x000000077d100000)
 ParOldGen       total 171008K, used 448K [0x00000006c6000000, 0x00000006d0700000, 0x000000076cb00000)
  object space 171008K, 0% used [0x00000006c6000000,0x00000006c60702a0,0x00000006d0700000)
 Metaspace       used 17577K, capacity 21123K, committed 21296K, reserved 1064960K
  class space    used 4345K, capacity 5503K, committed 5504K, reserved 1048576K
Event: 1.366 GC heap after
Heap after GC invocations=5 (full 1):
 PSYoungGen      total 268288K, used 0K [0x000000076cb00000, 0x000000077db00000, 0x00000007c0000000)
  eden space 258048K, 0% used [0x000000076cb00000,0x000000076cb00000,0x000000077c700000)
  from space 10240K, 0% used [0x000000077d100000,0x000000077d100000,0x000000077db00000)
  to   space 10240K, 0% used [0x000000077c700000,0x000000077c700000,0x000000077d100000)
 ParOldGen       total 92672K, used 7084K [0x00000006c6000000, 0x00000006cba80000, 0x000000076cb00000)
  object space 92672K, 7% used [0x00000006c6000000,0x00000006c66eb1a0,0x00000006cba80000)
 Metaspace       used 17577K, capacity 21123K, committed 21296K, reserved 1064960K
  class space    used 4345K, capacity 5503K, committed 5504K, reserved 1048576K
}
Event: 10.993 GC heap before
{Heap before GC invocations=6 (full 1):
 PSYoungGen      total 268288K, used 258048K [0x000000076cb00000, 0x000000077db00000, 0x00000007c0000000)
  eden space 258048K, 100% used [0x000000076cb00000,0x000000077c700000,0x000000077c700000)
  from space 10240K, 0% used [0x000000077d100000,0x000000077d100000,0x000000077db00000)
  to   space 10240K, 0% used [0x000000077c700000,0x000000077c700000,0x000000077d100000)
 ParOldGen       total 92672K, used 7084K [0x00000006c6000000, 0x00000006cba80000, 0x000000076cb00000)
  object space 92672K, 7% used [0x00000006c6000000,0x00000006c66eb1a0,0x00000006cba80000)
 Metaspace       used 25677K, capacity 33693K, committed 33920K, reserved 1075200K
  class space    used 6415K, capacity 9074K, committed 9088K, reserved 1048576K
Event: 11.001 GC heap after
Heap after GC invocations=6 (full 1):
 PSYoungGen      total 268288K, used 8111K [0x000000076cb00000, 0x0000000787880000, 0x00000007c0000000)
  eden space 258048K, 0% used [0x000000076cb00000,0x000000076cb00000,0x000000077c700000)
  from space 10240K, 79% used [0x000000077c700000,0x000000077ceebd68,0x000000077d100000)
  to   space 10240K, 0% used [0x0000000786e80000,0x0000000786e80000,0x0000000787880000)
 ParOldGen       total 92672K, used 7092K [0x00000006c6000000, 0x00000006cba80000, 0x000000076cb00000)
  object space 92672K, 7% used [0x00000006c6000000,0x00000006c66ed1a0,0x00000006cba80000)
 Metaspace       used 25677K, capacity 33693K, committed 33920K, reserved 1075200K
  class space    used 6415K, capacity 9074K, committed 9088K, reserved 1048576K
}
Event: 11.099 GC heap before
{Heap before GC invocations=7 (full 1):
 PSYoungGen      total 268288K, used 46211K [0x000000076cb00000, 0x0000000787880000, 0x00000007c0000000)
  eden space 258048K, 14% used [0x000000076cb00000,0x000000076f034f18,0x000000077c700000)
  from space 10240K, 79% used [0x000000077c700000,0x000000077ceebd68,0x000000077d100000)
  to   space 10240K, 0% used [0x0000000786e80000,0x0000000786e80000,0x0000000787880000)
 ParOldGen       total 92672K, used 7092K [0x00000006c6000000, 0x00000006cba80000, 0x000000076cb00000)
  object space 92672K, 7% used [0x00000006c6000000,0x00000006c66ed1a0,0x00000006cba80000)
 Metaspace       used 26619K, capacity 35475K, committed 35496K, reserved 1075200K
  class space    used 6734K, capacity 9640K, committed 9640K, reserved 1048576K
Event: 11.107 GC heap after
Heap after GC invocations=7 (full 1):
 PSYoungGen      total 429568K, used 6384K [0x000000076cb00000, 0x0000000788680000, 0x00000007c0000000)
  eden space 419328K, 0% used [0x000000076cb00000,0x000000076cb00000,0x0000000786480000)
  from space 10240K, 62% used [0x0000000786e80000,0x00000007874bc010,0x0000000787880000)
  to   space 10240K, 0% used [0x0000000786480000,0x0000000786480000,0x0000000786e80000)
 ParOldGen       total 92672K, used 7100K [0x00000006c6000000, 0x00000006cba80000, 0x000000076cb00000)
  object space 92672K, 7% used [0x00000006c6000000,0x00000006c66ef1a0,0x00000006cba80000)
 Metaspace       used 26619K, capacity 35475K, committed 35496K, reserved 1075200K
  class space    used 6734K, capacity 9640K, committed 9640K, reserved 1048576K
}
Event: 11.107 GC heap before
{Heap before GC invocations=8 (full 2):
 PSYoungGen      total 429568K, used 6384K [0x000000076cb00000, 0x0000000788680000, 0x00000007c0000000)
  eden space 419328K, 0% used [0x000000076cb00000,0x000000076cb00000,0x0000000786480000)
  from space 10240K, 62% used [0x0000000786e80000,0x00000007874bc010,0x0000000787880000)
  to   space 10240K, 0% used [0x0000000786480000,0x0000000786480000,0x0000000786e80000)
 ParOldGen       total 92672K, used 7100K [0x00000006c6000000, 0x00000006cba80000, 0x000000076cb00000)
  object space 92672K, 7% used [0x00000006c6000000,0x00000006c66ef1a0,0x00000006cba80000)
 Metaspace       used 26619K, capacity 35475K, committed 35496K, reserved 1075200K
  class space    used 6734K, capacity 9640K, committed 9640K, reserved 1048576K
Event: 11.153 GC heap after
Heap after GC invocations=8 (full 2):
 PSYoungGen      total 429568K, used 0K [0x000000076cb00000, 0x0000000788680000, 0x00000007c0000000)
  eden space 419328K, 0% used [0x000000076cb00000,0x000000076cb00000,0x0000000786480000)
  from space 10240K, 0% used [0x0000000786e80000,0x0000000786e80000,0x0000000787880000)
  to   space 10240K, 0% used [0x0000000786480000,0x0000000786480000,0x0000000786e80000)
 ParOldGen       total 117760K, used 12927K [0x00000006c6000000, 0x00000006cd300000, 0x000000076cb00000)
  object space 117760K, 10% used [0x00000006c6000000,0x00000006c6c9fe20,0x00000006cd300000)
 Metaspace       used 26100K, capacity 34647K, committed 35496K, reserved 1075200K
  class space    used 6586K, capacity 9400K, committed 9640K, reserved 1048576K
}
Event: 104.203 GC heap before
{Heap before GC invocations=9 (full 2):
 PSYoungGen      total 429568K, used 419328K [0x000000076cb00000, 0x0000000788680000, 0x00000007c0000000)
  eden space 419328K, 100% used [0x000000076cb00000,0x0000000786480000,0x0000000786480000)
  from space 10240K, 0% used [0x0000000786e80000,0x0000000786e80000,0x0000000787880000)
  to   space 10240K, 0% used [0x0000000786480000,0x0000000786480000,0x0000000786e80000)
 ParOldGen       total 117760K, used 12927K [0x00000006c6000000, 0x00000006cd300000, 0x000000076cb00000)
  object space 117760K, 10% used [0x00000006c6000000,0x00000006c6c9fe20,0x00000006cd300000)
 Metaspace       used 29647K, capacity 41089K, committed 41128K, reserved 1079296K
  class space    used 7552K, capacity 11430K, committed 11432K, reserved 1048576K

